<?xml version="1.0" encoding="UTF-8"?>
<!-- Generated by org.testng.reporters.JUnitXMLReporter -->
<testsuite ignored="0" hostname="DESKTOP-9NEKJS7" failures="0" tests="3" name="Test" time="127.372" errors="0" timestamp="2023-09-10T20:08:41 PDT">
  <testcase classname="TestCases.LoginTestCase" name="verifyingValidLogin" time="18.245"/>
  <testcase classname="TestCases.LoginTestCase" name="verifyinvalidlogin" time="15.537"/>
  <testcase classname="TestCases.MyInfoTestCases" name="fillpersonalDetails" time="93.434"/>
</testsuite> <!-- Test -->
