<?xml version="1.0" encoding="UTF-8"?>
<testng-results ignored="0" total="2" passed="2" failed="0" skipped="0">
  <reporter-output>
  </reporter-output>
  <suite started-at="2023-09-17T14:52:53 PDT" name="Default suite" finished-at="2023-09-17T14:53:44 PDT" duration-ms="51287">
    <groups>
    </groups>
    <test started-at="2023-09-17T14:52:53 PDT" name="Default test" finished-at="2023-09-17T14:53:44 PDT" duration-ms="51287">
      <class name="TestCases.LoginTestCase">
        <test-method is-config="true" signature="LaunchURL()[pri:0, instance:TestCases.LoginTestCase@4562e04d]" started-at="2023-09-17T14:52:53 PDT" name="LaunchURL" finished-at="2023-09-17T14:53:12 PDT" duration-ms="19032" status="PASS">
          <reporter-output>
          </reporter-output>
        </test-method> <!-- LaunchURL -->
        <test-method signature="verifyingValidLogin()[pri:0, instance:TestCases.LoginTestCase@4562e04d]" started-at="2023-09-17T14:53:12 PDT" name="verifyingValidLogin" finished-at="2023-09-17T14:53:21 PDT" duration-ms="8689" status="PASS">
          <reporter-output>
          </reporter-output>
        </test-method> <!-- verifyingValidLogin -->
        <test-method is-config="true" signature="LaunchURL()[pri:0, instance:TestCases.LoginTestCase@4562e04d]" started-at="2023-09-17T14:53:21 PDT" name="LaunchURL" finished-at="2023-09-17T14:53:36 PDT" duration-ms="14879" status="PASS">
          <reporter-output>
          </reporter-output>
        </test-method> <!-- LaunchURL -->
        <test-method signature="verifyinvalidlogin()[pri:0, instance:TestCases.LoginTestCase@4562e04d]" started-at="2023-09-17T14:53:36 PDT" name="verifyinvalidlogin" finished-at="2023-09-17T14:53:44 PDT" duration-ms="8521" status="PASS">
          <reporter-output>
          </reporter-output>
        </test-method> <!-- verifyinvalidlogin -->
      </class> <!-- TestCases.LoginTestCase -->
    </test> <!-- Default test -->
  </suite> <!-- Default suite -->
</testng-results>
